<?xml version="1.0" encoding="UTF-8"?>
<coverage generated="1765396447743" clover="3.2.0">
  <project timestamp="1765396447743" name="All files">
    <metrics statements="37" coveredstatements="37" conditionals="21" coveredconditionals="21" methods="10" coveredmethods="10" elements="68" coveredelements="68" complexity="0" loc="37" ncloc="37" packages="1" files="1" classes="1"/>
    <file name="gilded_rose.refactor.js" path="C:\Users\Jhonata\Documents\PUC\6 Semestre\teste-de-software\teste-software-kata-trabalho-final\src\gilded_rose.refactor.js">
      <metrics statements="37" coveredstatements="37" conditionals="21" coveredconditionals="21" methods="10" coveredmethods="10"/>
      <line num="3" count="31" type="stmt"/>
      <line num="4" count="31" type="stmt"/>
      <line num="5" count="31" type="stmt"/>
      <line num="11" count="25" type="stmt"/>
      <line num="15" count="31" type="stmt"/>
      <line num="19" count="22" type="stmt"/>
      <line num="23" count="27" type="stmt"/>
      <line num="27" count="31" type="cond" truecount="2" falsecount="0"/>
      <line num="28" count="27" type="stmt"/>
      <line num="33" count="10" type="cond" truecount="2" falsecount="0"/>
      <line num="34" count="8" type="stmt"/>
      <line num="40" count="10" type="stmt"/>
      <line num="41" count="10" type="cond" truecount="2" falsecount="0"/>
      <line num="42" count="7" type="stmt"/>
      <line num="44" count="10" type="cond" truecount="2" falsecount="0"/>
      <line num="45" count="5" type="stmt"/>
      <line num="50" count="8" type="cond" truecount="2" falsecount="0"/>
      <line num="52" count="3" type="stmt"/>
      <line num="53" count="3" type="stmt"/>
      <line num="56" count="5" type="cond" truecount="2" falsecount="0"/>
      <line num="58" count="2" type="stmt"/>
      <line num="59" count="2" type="stmt"/>
      <line num="63" count="3" type="stmt"/>
      <line num="67" count="25" type="stmt"/>
      <line num="68" count="27" type="stmt"/>
      <line num="70" count="27" type="cond" truecount="2" falsecount="0"/>
      <line num="72" count="4" type="stmt"/>
      <line num="76" count="23" type="cond" truecount="2" falsecount="0"/>
      <line num="77" count="6" type="stmt"/>
      <line num="78" count="17" type="cond" truecount="2" falsecount="0"/>
      <line num="79" count="10" type="stmt"/>
      <line num="82" count="7" type="stmt"/>
      <line num="86" count="23" type="stmt"/>
      <line num="89" count="23" type="cond" truecount="2" falsecount="0"/>
      <line num="90" count="8" type="stmt"/>
      <line num="94" count="25" type="stmt"/>
      <line num="98" count="1" type="stmt"/>
    </file>
  </project>
</coverage>
