{"C:\\Users\\Jhonata\\Documents\\PUC\\6 Semestre\\teste-de-software\\teste-software-kata-trabalho-final\\src\\gilded_rose.refactor.js": {"path":"C:\\Users\\Jhonata\\Documents\\PUC\\6 Semestre\\teste-de-software\\teste-software-kata-trabalho-final\\src\\gilded_rose.refactor.js","statementMap":{"0":{"start":{"line":3,"column":4},"end":{"line":3,"column":21}},"1":{"start":{"line":4,"column":4},"end":{"line":4,"column":25}},"2":{"start":{"line":5,"column":4},"end":{"line":5,"column":27}},"3":{"start":{"line":11,"column":4},"end":{"line":11,"column":23}},"4":{"start":{"line":15,"column":4},"end":{"line":15,"column":37}},"5":{"start":{"line":19,"column":4},"end":{"line":19,"column":69}},"6":{"start":{"line":23,"column":4},"end":{"line":23,"column":54}},"7":{"start":{"line":27,"column":4},"end":{"line":29,"column":5}},"8":{"start":{"line":28,"column":6},"end":{"line":28,"column":38}},"9":{"start":{"line":33,"column":4},"end":{"line":35,"column":5}},"10":{"start":{"line":34,"column":6},"end":{"line":34,"column":38}},"11":{"start":{"line":40,"column":4},"end":{"line":40,"column":31}},"12":{"start":{"line":41,"column":4},"end":{"line":43,"column":5}},"13":{"start":{"line":42,"column":6},"end":{"line":42,"column":33}},"14":{"start":{"line":44,"column":4},"end":{"line":46,"column":5}},"15":{"start":{"line":45,"column":6},"end":{"line":45,"column":33}},"16":{"start":{"line":50,"column":4},"end":{"line":54,"column":5}},"17":{"start":{"line":52,"column":6},"end":{"line":52,"column":33}},"18":{"start":{"line":53,"column":6},"end":{"line":53,"column":13}},"19":{"start":{"line":56,"column":4},"end":{"line":60,"column":5}},"20":{"start":{"line":58,"column":6},"end":{"line":58,"column":23}},"21":{"start":{"line":59,"column":6},"end":{"line":59,"column":13}},"22":{"start":{"line":63,"column":4},"end":{"line":63,"column":31}},"23":{"start":{"line":67,"column":4},"end":{"line":92,"column":5}},"24":{"start":{"line":67,"column":17},"end":{"line":67,"column":18}},"25":{"start":{"line":68,"column":19},"end":{"line":68,"column":32}},"26":{"start":{"line":70,"column":6},"end":{"line":73,"column":7}},"27":{"start":{"line":72,"column":8},"end":{"line":72,"column":17}},"28":{"start":{"line":76,"column":6},"end":{"line":83,"column":7}},"29":{"start":{"line":77,"column":8},"end":{"line":77,"column":35}},"30":{"start":{"line":78,"column":13},"end":{"line":83,"column":7}},"31":{"start":{"line":79,"column":8},"end":{"line":79,"column":54}},"32":{"start":{"line":82,"column":8},"end":{"line":82,"column":35}},"33":{"start":{"line":86,"column":6},"end":{"line":86,"column":36}},"34":{"start":{"line":89,"column":6},"end":{"line":91,"column":7}},"35":{"start":{"line":90,"column":8},"end":{"line":90,"column":37}},"36":{"start":{"line":94,"column":4},"end":{"line":94,"column":22}},"37":{"start":{"line":98,"column":0},"end":{"line":101,"column":2}}},"fnMap":{"0":{"name":"(anonymous_0)","decl":{"start":{"line":2,"column":2},"end":{"line":2,"column":3}},"loc":{"start":{"line":2,"column":37},"end":{"line":6,"column":3}},"line":2},"1":{"name":"(anonymous_1)","decl":{"start":{"line":10,"column":2},"end":{"line":10,"column":3}},"loc":{"start":{"line":10,"column":26},"end":{"line":12,"column":3}},"line":10},"2":{"name":"(anonymous_2)","decl":{"start":{"line":14,"column":2},"end":{"line":14,"column":3}},"loc":{"start":{"line":14,"column":19},"end":{"line":16,"column":3}},"line":14},"3":{"name":"(anonymous_3)","decl":{"start":{"line":18,"column":2},"end":{"line":18,"column":3}},"loc":{"start":{"line":18,"column":20},"end":{"line":20,"column":3}},"line":18},"4":{"name":"(anonymous_4)","decl":{"start":{"line":22,"column":2},"end":{"line":22,"column":3}},"loc":{"start":{"line":22,"column":19},"end":{"line":24,"column":3}},"line":22},"5":{"name":"(anonymous_5)","decl":{"start":{"line":26,"column":2},"end":{"line":26,"column":3}},"loc":{"start":{"line":26,"column":24},"end":{"line":30,"column":3}},"line":26},"6":{"name":"(anonymous_6)","decl":{"start":{"line":32,"column":2},"end":{"line":32,"column":3}},"loc":{"start":{"line":32,"column":24},"end":{"line":36,"column":3}},"line":32},"7":{"name":"(anonymous_7)","decl":{"start":{"line":38,"column":2},"end":{"line":38,"column":3}},"loc":{"start":{"line":38,"column":43},"end":{"line":47,"column":3}},"line":38},"8":{"name":"(anonymous_8)","decl":{"start":{"line":49,"column":2},"end":{"line":49,"column":3}},"loc":{"start":{"line":49,"column":26},"end":{"line":64,"column":3}},"line":49},"9":{"name":"(anonymous_9)","decl":{"start":{"line":66,"column":2},"end":{"line":66,"column":3}},"loc":{"start":{"line":66,"column":18},"end":{"line":95,"column":3}},"line":66}},"branchMap":{"0":{"loc":{"start":{"line":10,"column":14},"end":{"line":10,"column":24}},"type":"default-arg","locations":[{"start":{"line":10,"column":22},"end":{"line":10,"column":24}}],"line":10},"1":{"loc":{"start":{"line":27,"column":4},"end":{"line":29,"column":5}},"type":"if","locations":[{"start":{"line":27,"column":4},"end":{"line":29,"column":5}},{"start":{},"end":{}}],"line":27},"2":{"loc":{"start":{"line":33,"column":4},"end":{"line":35,"column":5}},"type":"if","locations":[{"start":{"line":33,"column":4},"end":{"line":35,"column":5}},{"start":{},"end":{}}],"line":33},"3":{"loc":{"start":{"line":41,"column":4},"end":{"line":43,"column":5}},"type":"if","locations":[{"start":{"line":41,"column":4},"end":{"line":43,"column":5}},{"start":{},"end":{}}],"line":41},"4":{"loc":{"start":{"line":44,"column":4},"end":{"line":46,"column":5}},"type":"if","locations":[{"start":{"line":44,"column":4},"end":{"line":46,"column":5}},{"start":{},"end":{}}],"line":44},"5":{"loc":{"start":{"line":50,"column":4},"end":{"line":54,"column":5}},"type":"if","locations":[{"start":{"line":50,"column":4},"end":{"line":54,"column":5}},{"start":{},"end":{}}],"line":50},"6":{"loc":{"start":{"line":56,"column":4},"end":{"line":60,"column":5}},"type":"if","locations":[{"start":{"line":56,"column":4},"end":{"line":60,"column":5}},{"start":{},"end":{}}],"line":56},"7":{"loc":{"start":{"line":70,"column":6},"end":{"line":73,"column":7}},"type":"if","locations":[{"start":{"line":70,"column":6},"end":{"line":73,"column":7}},{"start":{},"end":{}}],"line":70},"8":{"loc":{"start":{"line":76,"column":6},"end":{"line":83,"column":7}},"type":"if","locations":[{"start":{"line":76,"column":6},"end":{"line":83,"column":7}},{"start":{"line":78,"column":13},"end":{"line":83,"column":7}}],"line":76},"9":{"loc":{"start":{"line":78,"column":13},"end":{"line":83,"column":7}},"type":"if","locations":[{"start":{"line":78,"column":13},"end":{"line":83,"column":7}},{"start":{"line":80,"column":13},"end":{"line":83,"column":7}}],"line":78},"10":{"loc":{"start":{"line":89,"column":6},"end":{"line":91,"column":7}},"type":"if","locations":[{"start":{"line":89,"column":6},"end":{"line":91,"column":7}},{"start":{},"end":{}}],"line":89}},"s":{"0":31,"1":31,"2":31,"3":25,"4":31,"5":22,"6":27,"7":31,"8":27,"9":10,"10":8,"11":10,"12":10,"13":7,"14":10,"15":5,"16":8,"17":3,"18":3,"19":5,"20":2,"21":2,"22":3,"23":25,"24":25,"25":27,"26":27,"27":4,"28":23,"29":6,"30":17,"31":10,"32":7,"33":23,"34":23,"35":8,"36":25,"37":1},"f":{"0":31,"1":25,"2":31,"3":22,"4":27,"5":31,"6":10,"7":10,"8":8,"9":25},"b":{"0":[1],"1":[27,4],"2":[8,2],"3":[7,3],"4":[5,5],"5":[3,5],"6":[2,3],"7":[4,23],"8":[6,17],"9":[10,7],"10":[8,15]},"_coverageSchema":"1a1c01bbd47fc00a2c39e90264f33305004495a9","hash":"70d87065cb74112c4022e59114f1b6b04520b908"}
}
