TN:
SF:src\gilded_rose.refactor.js
FN:2,(anonymous_0)
FN:10,(anonymous_1)
FN:14,(anonymous_2)
FN:18,(anonymous_3)
FN:22,(anonymous_4)
FN:26,(anonymous_5)
FN:32,(anonymous_6)
FN:38,(anonymous_7)
FN:49,(anonymous_8)
FN:66,(anonymous_9)
FNF:10
FNH:10
FNDA:31,(anonymous_0)
FNDA:25,(anonymous_1)
FNDA:31,(anonymous_2)
FNDA:22,(anonymous_3)
FNDA:27,(anonymous_4)
FNDA:31,(anonymous_5)
FNDA:10,(anonymous_6)
FNDA:10,(anonymous_7)
FNDA:8,(anonymous_8)
FNDA:25,(anonymous_9)
DA:3,31
DA:4,31
DA:5,31
DA:11,25
DA:15,31
DA:19,22
DA:23,27
DA:27,31
DA:28,27
DA:33,10
DA:34,8
DA:40,10
DA:41,10
DA:42,7
DA:44,10
DA:45,5
DA:50,8
DA:52,3
DA:53,3
DA:56,5
DA:58,2
DA:59,2
DA:63,3
DA:67,25
DA:68,27
DA:70,27
DA:72,4
DA:76,23
DA:77,6
DA:78,17
DA:79,10
DA:82,7
DA:86,23
DA:89,23
DA:90,8
DA:94,25
DA:98,1
LF:37
LH:37
BRDA:10,0,0,1
BRDA:27,1,0,27
BRDA:27,1,1,4
BRDA:33,2,0,8
BRDA:33,2,1,2
BRDA:41,3,0,7
BRDA:41,3,1,3
BRDA:44,4,0,5
BRDA:44,4,1,5
BRDA:50,5,0,3
BRDA:50,5,1,5
BRDA:56,6,0,2
BRDA:56,6,1,3
BRDA:70,7,0,4
BRDA:70,7,1,23
BRDA:76,8,0,6
BRDA:76,8,1,17
BRDA:78,9,0,10
BRDA:78,9,1,7
BRDA:89,10,0,8
BRDA:89,10,1,15
BRF:21
BRH:21
end_of_record
